This is pdfTeX, Version 3.14159265-2.6-1.40.21 (TeX Live 2020 Gentoo Linux) (preloaded format=latex 2020.6.17)  10 JUL 2020 16:58
entering extended mode
 restricted \write18 enabled.
 %&-line parsing enabled.
**nicematrix.ins
(./nicematrix.ins
LaTeX2e <2020-02-02> patch level 5
L3 programming layer <2020-02-25>
(/usr/share/texmf-dist/tex/latex/l3kernel/l3docstrip.tex
(/usr/share/texmf-dist/tex/latex/base/docstrip.tex
\blockLevel=\count167
\emptyLines=\count168
\processedLines=\count169
\commentsRemoved=\count170
\commentsPassed=\count171
\codeLinesPassed=\count172
\TotalprocessedLines=\count173
\TotalcommentsRemoved=\count174
\TotalcommentsPassed=\count175
\TotalcodeLinesPassed=\count176
\NumberOfFiles=\count177
\inFile=\read2
\inputcheck=\read3
\off@0=\count178
\off@1=\count179
\off@2=\count180
\off@3=\count181
\off@4=\count182
\off@5=\count183
\off@6=\count184
\off@7=\count185
\off@8=\count186
\off@9=\count187
\off@10=\count188
\off@11=\count189
\off@12=\count190
\off@13=\count191
\off@14=\count192
\off@15=\count193
\@maxfiles=\count194
\@maxoutfiles=\count195

Utility: `docstrip' 2.5g <2018/05/03>
English documentation    <2018/05/03>

**********************************************************
* This program converts documented macro-files into fast *
* loadable files by stripping off (nearly) all comments! *
**********************************************************

********************************************************
* No Configuration file found, using default settings. *
********************************************************

))

Generating file(s) ./nicematrix.sty 
\openout0 = `./nicematrix.sty'.


Processing file nicematrix.dtx (package) -> nicematrix.sty
Lines  processed: 11588
Comments removed: 7267
Comments  passed: 0
Codelines passed: 0

*********************************************************
*
* To finish the installation you have to move the
* following file into a directory searched by TeX:
*
*   nicematrix.sty
*
* To produce the documentation run the file nicematrix.dtx
* through XeLaTeX.
*
* Happy TeXing!
*********************************************************
 ) 
Here is how much of TeX's memory you used:
 338 strings out of 482842
 3761 string characters out of 5954898
 235050 words of memory out of 5000000
 15712 multiletter control sequences out of 15000+600000
 532338 words of font info for 24 fonts, out of 8000000 for 9000
 36 hyphenation exceptions out of 8191
 13i,0n,15p,209b,124s stack positions out of 5000i,500n,10000p,200000b,80000s

No pages of output.
